\BOOKMARK [0][-]{title.0}{\376\377\134\001\227\142}{}% 1
\BOOKMARK [0][-]{chapter*.2}{\376\377\144\130\211\201}{}% 2
\BOOKMARK [0][-]{toc.0}{\376\377\166\356\137\125}{}% 3
\BOOKMARK [0][-]{chapter.1}{\376\377\137\025\212\000}{}% 4
\BOOKMARK [1][-]{section.1.1}{\376\377\122\250\147\072}{chapter.1}% 5
\BOOKMARK [1][-]{section.1.2}{\376\377\211\201\211\343\121\263\166\204\225\356\230\230}{chapter.1}% 6
\BOOKMARK [2][-]{subsection.1.2.1}{\376\377\220\032\117\341\145\271\137\017}{section.1.2}% 7
\BOOKMARK [2][-]{subsection.1.2.2}{\376\377\147\266\147\204\145\271\137\017}{section.1.2}% 8
\BOOKMARK [2][-]{subsection.1.2.3}{\376\377\177\026\172\013\213\355\212\000\220\011\142\351}{section.1.2}% 9
\BOOKMARK [2][-]{subsection.1.2.4}{\376\377\123\314\172\357\163\257\130\203\221\115\177\156}{section.1.2}% 10
\BOOKMARK [2][-]{subsection.1.2.5}{\376\377\126\376\137\142\165\114\227\142\147\204\136\372}{section.1.2}% 11
\BOOKMARK [2][-]{subsection.1.2.6}{\376\377\145\160\143\156\136\223\213\276\213\241}{section.1.2}% 12
\BOOKMARK [0][-]{chapter.2}{\376\377\174\373\176\337\213\276\213\241}{}% 13
\BOOKMARK [1][-]{section.2.1}{\376\377\174\373\176\337\140\073\117\123\150\106\147\266}{chapter.2}% 14
\BOOKMARK [1][-]{section.2.2}{\376\377\174\373\176\337\140\073\117\123\155\101\172\013}{chapter.2}% 15
\BOOKMARK [1][-]{section.2.3}{\376\377\166\173\137\125}{chapter.2}% 16
\BOOKMARK [1][-]{section.2.4}{\376\377\154\350\121\214}{chapter.2}% 17
\BOOKMARK [1][-]{section.2.5}{\376\377\145\207\147\054\123\321\220\001}{chapter.2}% 18
\BOOKMARK [1][-]{section.2.6}{\376\377\145\207\147\054\143\245\145\066}{chapter.2}% 19
\BOOKMARK [1][-]{section.2.7}{\376\377\126\376\162\107\117\040\217\223}{chapter.2}% 20
\BOOKMARK [1][-]{section.2.8}{\376\377\155\210\140\157\213\260\137\125}{chapter.2}% 21
\BOOKMARK [1][-]{section.2.9}{\376\377\116\221\147\015\122\241\126\150}{chapter.2}% 22
\BOOKMARK [0][-]{chapter.3}{\376\377\145\160\143\156\176\323\147\204\213\276\213\241}{}% 23
\BOOKMARK [1][-]{section.3.1}{\376\377\226\037\122\027}{chapter.3}% 24
\BOOKMARK [1][-]{section.3.2}{\376\377\145\207\147\054\143\245\145\066}{chapter.3}% 25
\BOOKMARK [1][-]{section.3.3}{\376\377\135\114\131\127\133\127}{chapter.3}% 26
\BOOKMARK [0][-]{chapter.4}{\376\377\121\163\225\056\142\200\147\057\116\016\174\373\176\337\133\236\163\260}{}% 27
\BOOKMARK [1][-]{section.4.1}{\376\377\166\173\137\125}{chapter.4}% 28
\BOOKMARK [2][-]{subsection.4.1.1}{\376\377\122\237\200\375\142\200\147\057}{section.4.1}% 29
\BOOKMARK [2][-]{subsection.4.1.2}{\376\377\133\236\163\260}{section.4.1}% 30
\BOOKMARK [1][-]{section.4.2}{\376\377\154\350\121\214}{chapter.4}% 31
\BOOKMARK [2][-]{subsection.4.2.1}{\376\377\122\237\200\375\142\200\147\057}{section.4.2}% 32
\BOOKMARK [2][-]{subsection.4.2.2}{\376\377\133\236\163\260}{section.4.2}% 33
\BOOKMARK [1][-]{section.4.3}{\376\377\145\207\147\054\123\321\220\001}{chapter.4}% 34
\BOOKMARK [2][-]{subsection.4.3.1}{\376\377\122\237\200\375\142\200\147\057}{section.4.3}% 35
\BOOKMARK [2][-]{subsection.4.3.2}{\376\377\133\236\163\260}{section.4.3}% 36
\BOOKMARK [1][-]{section.4.4}{\376\377\145\207\147\054\143\245\145\066}{chapter.4}% 37
\BOOKMARK [2][-]{subsection.4.4.1}{\376\377\122\237\200\375\142\200\147\057}{section.4.4}% 38
\BOOKMARK [2][-]{subsection.4.4.2}{\376\377\133\236\163\260}{section.4.4}% 39
\BOOKMARK [1][-]{section.4.5}{\376\377\126\376\162\107\145\066\123\321}{chapter.4}% 40
\BOOKMARK [2][-]{subsection.4.5.1}{\376\377\122\237\200\375\142\200\147\057}{section.4.5}% 41
\BOOKMARK [2][-]{subsection.4.5.2}{\376\377\133\236\163\260}{section.4.5}% 42
\BOOKMARK [1][-]{section.4.6}{\376\377\155\210\140\157\213\260\137\125}{chapter.4}% 43
\BOOKMARK [2][-]{subsection.4.6.1}{\376\377\133\130\120\250}{section.4.6}% 44
\BOOKMARK [2][-]{subsection.4.6.2}{\376\377\213\373\123\326}{section.4.6}% 45
\BOOKMARK [1][-]{section.4.7}{\376\377\131\032\176\277\172\013}{chapter.4}% 46
\BOOKMARK [2][-]{subsection.4.7.1}{\376\377\117\030\160\271}{section.4.7}% 47
\BOOKMARK [2][-]{subsection.4.7.2}{\376\377\123\237\164\006}{section.4.7}% 48
\BOOKMARK [2][-]{subsection.4.7.3}{\376\377\122\237\200\375\142\200\147\057}{section.4.7}% 49
\BOOKMARK [2][-]{subsection.4.7.4}{\376\377\133\236\163\260}{section.4.7}% 50
\BOOKMARK [1][-]{section.4.8}{\376\377\116\221\147\015\122\241\126\150}{chapter.4}% 51
\BOOKMARK [2][-]{subsection.4.8.1}{\376\377\122\237\200\375\117\177\165\050}{section.4.8}% 52
\BOOKMARK [2][-]{subsection.4.8.2}{\376\377\172\357\123\343\137\000\145\076}{section.4.8}% 53
\BOOKMARK [0][-]{chapter.5}{\376\377\174\373\176\337\217\320\210\114\176\323\147\234}{}% 54
\BOOKMARK [1][-]{section.5.1}{\376\377\217\320\210\114\163\257\130\203}{chapter.5}% 55
\BOOKMARK [1][-]{section.5.2}{\376\377\217\320\210\114\116\016\155\113\213\325\176\323\147\234}{chapter.5}% 56
\BOOKMARK [2][-]{subsection.5.2.1}{\376\377\166\173\137\125}{section.5.2}% 57
\BOOKMARK [2][-]{subsection.5.2.2}{\376\377\154\350\121\214}{section.5.2}% 58
\BOOKMARK [2][-]{subsection.5.2.3}{\376\377\116\073\165\114\227\142}{section.5.2}% 59
\BOOKMARK [2][-]{subsection.5.2.4}{\376\377\131\032\176\277\172\013}{section.5.2}% 60
\BOOKMARK [1][-]{section.5.3}{\376\377\133\236\232\214\176\323\147\234\122\006\147\220}{chapter.5}% 61
\BOOKMARK [0][-]{chapter.6}{\376\377\214\003\213\325\124\214\145\071\217\333}{}% 62
\BOOKMARK [0][-]{chapter.7}{\376\377\137\303\137\227\124\214\176\323\213\272}{}% 63
\BOOKMARK [1][-]{section.7.1}{\376\377\176\323\213\272\124\214\117\123\117\032}{chapter.7}% 64
\BOOKMARK [1][-]{section.7.2}{\376\377\217\333\116\000\153\145\145\071\217\333\145\271\124\021}{chapter.7}% 65
\BOOKMARK [0][-]{section*.27}{\376\377\123\302\200\003\145\207\163\056}{}% 66
\BOOKMARK [0][-]{appendix.A}{\376\377\116\343\170\001}{}% 67
\BOOKMARK [1][-]{section.A.1}{\376\377\133\242\142\067\172\357}{appendix.A}% 68
\BOOKMARK [1][-]{section.A.2}{\376\377\133\242\142\067\172\357}{appendix.A}% 69
